=> Supply process starteduser-data
==> Data supply process started
----providing the data [country=Italy]
----providing the data [user-name=steghy]
----providing the data [passwd=main.model.Passwd@47d384ee]
----providing the data [telephone-number=3802679518]
----providing the data [name=Simone]
----providing the data [email=main.model.Email@2d6a9952]
----providing the data [age=24]
----providing the data [last-name=Gentili]
==> Data supply process finished
=> Supply process finisheduser-data
=> Configuration process startedJSON
==> Data supply process startedmetadata
----providing the data [os=Linux]
----providing the data [arch=amd64]
----providing the data [version=5.19.0-76051900-generic]
----providing the data [local-date-time=2022-09-13T17:52:28.414803382]
==> Data supply process finishedmetadata
==> Data supply process starteddata
----providing the data [country=Italy]
----providing the data [user-name=steghy]
----providing the data [passwd=main.model.Passwd@47d384ee]
----providing the data [telephone-number=3802679518]
----providing the data [name=Simone]
----providing the data [email=main.model.Email@2d6a9952]
----providing the data [age=24]
----providing the data [last-name=Gentili]
==> Data supply process finisheddata
----setting the data JSONArray
=> Configuration process finishedJSON json file writing completed
=> Loading process startedJSON
